{"/Users/rto/Workspace/student-loan-app/backend/src/controllers/authController.ts": {"path":"/Users/rto/Workspace/student-loan-app/backend/src/controllers/authController.ts","statementMap":{"0":{"start":{"line":2,"column":0},"end":{"line":2,"column":28}},"1":{"start":{"line":3,"column":0},"end":{"line":3,"column":31}},"2":{"start":{"line":4,"column":0},"end":{"line":4,"column":29}},"3":{"start":{"line":7,"column":19},"end":{"line":7,"column":58}},"4":{"start":{"line":9,"column":22},"end":{"line":33,"column":1}},"5":{"start":{"line":10,"column":36},"end":{"line":10,"column":44}},"6":{"start":{"line":11,"column":2},"end":{"line":32,"column":3}},"7":{"start":{"line":12,"column":27},"end":{"line":12,"column":58}},"8":{"start":{"line":14,"column":19},"end":{"line":16,"column":null}},"9":{"start":{"line":19,"column":23},"end":{"line":19,"column":37}},"10":{"start":{"line":21,"column":18},"end":{"line":23,"column":6}},"11":{"start":{"line":25,"column":4},"end":{"line":25,"column":42}},"12":{"start":{"line":27,"column":4},"end":{"line":30,"column":5}},"13":{"start":{"line":29,"column":6},"end":{"line":29,"column":71}},"14":{"start":{"line":31,"column":4},"end":{"line":31,"column":74}},"15":{"start":{"line":9,"column":13},"end":{"line":9,"column":22}},"16":{"start":{"line":35,"column":21},"end":{"line":58,"column":1}},"17":{"start":{"line":36,"column":30},"end":{"line":36,"column":38}},"18":{"start":{"line":37,"column":2},"end":{"line":57,"column":3}},"19":{"start":{"line":38,"column":19},"end":{"line":40,"column":6}},"20":{"start":{"line":41,"column":4},"end":{"line":42,"column":70}},"21":{"start":{"line":42,"column":6},"end":{"line":42,"column":70}},"22":{"start":{"line":44,"column":23},"end":{"line":44,"column":37}},"23":{"start":{"line":45,"column":18},"end":{"line":45,"column":63}},"24":{"start":{"line":46,"column":4},"end":{"line":46,"column":80}},"25":{"start":{"line":46,"column":16},"end":{"line":46,"column":80}},"26":{"start":{"line":48,"column":18},"end":{"line":50,"column":6}},"27":{"start":{"line":51,"column":4},"end":{"line":54,"column":7}},"28":{"start":{"line":56,"column":4},"end":{"line":56,"column":74}},"29":{"start":{"line":35,"column":13},"end":{"line":35,"column":21}}},"fnMap":{"0":{"name":"(anonymous_1)","decl":{"start":{"line":9,"column":22},"end":{"line":9,"column":27}},"loc":{"start":{"line":9,"column":60},"end":{"line":33,"column":1}}},"1":{"name":"(anonymous_2)","decl":{"start":{"line":35,"column":21},"end":{"line":35,"column":26}},"loc":{"start":{"line":35,"column":59},"end":{"line":58,"column":1}}}},"branchMap":{"0":{"loc":{"start":{"line":7,"column":19},"end":{"line":7,"column":58}},"type":"binary-expr","locations":[{"start":{"line":7,"column":19},"end":{"line":7,"column":41}},{"start":{"line":7,"column":45},"end":{"line":7,"column":58}}]},"1":{"loc":{"start":{"line":27,"column":4},"end":{"line":30,"column":5}},"type":"if","locations":[{"start":{"line":27,"column":4},"end":{"line":30,"column":5}},{"start":{},"end":{}}]},"2":{"loc":{"start":{"line":41,"column":4},"end":{"line":42,"column":70}},"type":"if","locations":[{"start":{"line":41,"column":4},"end":{"line":42,"column":70}},{"start":{},"end":{}}]},"3":{"loc":{"start":{"line":46,"column":4},"end":{"line":46,"column":80}},"type":"if","locations":[{"start":{"line":46,"column":4},"end":{"line":46,"column":80}},{"start":{},"end":{}}]}},"s":{"0":1,"1":1,"2":1,"3":1,"4":1,"5":2,"6":2,"7":2,"8":2,"9":1,"10":1,"11":1,"12":1,"13":1,"14":0,"15":1,"16":1,"17":3,"18":3,"19":3,"20":3,"21":1,"22":2,"23":2,"24":2,"25":1,"26":1,"27":1,"28":0,"29":1},"f":{"0":2,"1":3},"b":{"0":[1,1],"1":[1,0],"2":[1,2],"3":[1,1]}}
,"/Users/rto/Workspace/student-loan-app/backend/src/controllers/loansController.ts": {"path":"/Users/rto/Workspace/student-loan-app/backend/src/controllers/loansController.ts","statementMap":{"0":{"start":{"line":2,"column":0},"end":{"line":2,"column":29}},"1":{"start":{"line":7,"column":24},"end":{"line":13,"column":1}},"2":{"start":{"line":8,"column":18},"end":{"line":8,"column":37}},"3":{"start":{"line":9,"column":17},"end":{"line":11,"column":4}},"4":{"start":{"line":12,"column":2},"end":{"line":12,"column":24}},"5":{"start":{"line":7,"column":13},"end":{"line":7,"column":24}},"6":{"start":{"line":15,"column":23},"end":{"line":23,"column":1}},"7":{"start":{"line":16,"column":18},"end":{"line":16,"column":37}},"8":{"start":{"line":17,"column":52},"end":{"line":17,"column":60}},"9":{"start":{"line":18,"column":17},"end":{"line":20,"column":null}},"10":{"start":{"line":22,"column":2},"end":{"line":22,"column":39}},"11":{"start":{"line":15,"column":13},"end":{"line":15,"column":23}},"12":{"start":{"line":25,"column":26},"end":{"line":34,"column":1}},"13":{"start":{"line":26,"column":18},"end":{"line":26,"column":37}},"14":{"start":{"line":27,"column":17},"end":{"line":27,"column":27}},"15":{"start":{"line":28,"column":52},"end":{"line":28,"column":60}},"16":{"start":{"line":29,"column":17},"end":{"line":31,"column":null}},"17":{"start":{"line":33,"column":2},"end":{"line":33,"column":27}},"18":{"start":{"line":25,"column":13},"end":{"line":25,"column":26}},"19":{"start":{"line":36,"column":26},"end":{"line":44,"column":1}},"20":{"start":{"line":37,"column":18},"end":{"line":37,"column":37}},"21":{"start":{"line":38,"column":17},"end":{"line":38,"column":27}},"22":{"start":{"line":39,"column":2},"end":{"line":42,"column":5}},"23":{"start":{"line":43,"column":2},"end":{"line":43,"column":40}},"24":{"start":{"line":36,"column":13},"end":{"line":36,"column":26}}},"fnMap":{"0":{"name":"(anonymous_0)","decl":{"start":{"line":7,"column":24},"end":{"line":7,"column":29}},"loc":{"start":{"line":7,"column":62},"end":{"line":13,"column":1}}},"1":{"name":"(anonymous_1)","decl":{"start":{"line":15,"column":23},"end":{"line":15,"column":28}},"loc":{"start":{"line":15,"column":61},"end":{"line":23,"column":1}}},"2":{"name":"(anonymous_2)","decl":{"start":{"line":25,"column":26},"end":{"line":25,"column":31}},"loc":{"start":{"line":25,"column":64},"end":{"line":34,"column":1}}},"3":{"name":"(anonymous_3)","decl":{"start":{"line":36,"column":26},"end":{"line":36,"column":31}},"loc":{"start":{"line":36,"column":64},"end":{"line":44,"column":1}}}},"branchMap":{},"s":{"0":1,"1":1,"2":1,"3":1,"4":1,"5":1,"6":1,"7":1,"8":1,"9":1,"10":1,"11":1,"12":1,"13":1,"14":1,"15":1,"16":1,"17":1,"18":1,"19":1,"20":1,"21":1,"22":1,"23":1,"24":1},"f":{"0":1,"1":1,"2":1,"3":1},"b":{}}
,"/Users/rto/Workspace/student-loan-app/backend/src/controllers/payoffController.ts": {"path":"/Users/rto/Workspace/student-loan-app/backend/src/controllers/payoffController.ts","statementMap":{"0":{"start":{"line":11,"column":31},"end":{"line":52,"column":1}},"1":{"start":{"line":12,"column":30},"end":{"line":12,"column":38}},"2":{"start":{"line":13,"column":2},"end":{"line":14,"column":66}},"3":{"start":{"line":14,"column":4},"end":{"line":14,"column":66}},"4":{"start":{"line":16,"column":28},"end":{"line":16,"column":38}},"5":{"start":{"line":18,"column":2},"end":{"line":22,"column":3}},"6":{"start":{"line":19,"column":4},"end":{"line":19,"column":52}},"7":{"start":{"line":19,"column":31},"end":{"line":19,"column":50}},"8":{"start":{"line":20,"column":9},"end":{"line":22,"column":3}},"9":{"start":{"line":21,"column":4},"end":{"line":21,"column":66}},"10":{"start":{"line":21,"column":31},"end":{"line":21,"column":64}},"11":{"start":{"line":25,"column":22},"end":{"line":25,"column":23}},"12":{"start":{"line":26,"column":15},"end":{"line":26,"column":16}},"13":{"start":{"line":27,"column":23},"end":{"line":27,"column":63}},"14":{"start":{"line":27,"column":50},"end":{"line":27,"column":61}},"15":{"start":{"line":28,"column":36},"end":{"line":28,"column":38}},"16":{"start":{"line":30,"column":2},"end":{"line":43,"column":3}},"17":{"start":{"line":30,"column":36},"end":{"line":30,"column":48}},"18":{"start":{"line":31,"column":4},"end":{"line":31,"column":13}},"19":{"start":{"line":32,"column":25},"end":{"line":32,"column":28}},"20":{"start":{"line":33,"column":4},"end":{"line":41,"column":5}},"21":{"start":{"line":34,"column":6},"end":{"line":34,"column":37}},"22":{"start":{"line":34,"column":28},"end":{"line":34,"column":37}},"23":{"start":{"line":35,"column":23},"end":{"line":35,"column":70}},"24":{"start":{"line":36,"column":29},"end":{"line":36,"column":77}},"25":{"start":{"line":37,"column":6},"end":{"line":37,"column":49}},"26":{"start":{"line":38,"column":6},"end":{"line":38,"column":32}},"27":{"start":{"line":39,"column":6},"end":{"line":39,"column":52}},"28":{"start":{"line":40,"column":6},"end":{"line":40,"column":37}},"29":{"start":{"line":40,"column":31},"end":{"line":40,"column":37}},"30":{"start":{"line":42,"column":4},"end":{"line":42,"column":47}},"31":{"start":{"line":45,"column":31},"end":{"line":49,"column":4}},"32":{"start":{"line":51,"column":2},"end":{"line":51,"column":19}},"33":{"start":{"line":11,"column":13},"end":{"line":11,"column":31}}},"fnMap":{"0":{"name":"(anonymous_0)","decl":{"start":{"line":11,"column":31},"end":{"line":11,"column":32}},"loc":{"start":{"line":11,"column":63},"end":{"line":52,"column":1}}},"1":{"name":"(anonymous_1)","decl":{"start":{"line":19,"column":21},"end":{"line":19,"column":22}},"loc":{"start":{"line":19,"column":31},"end":{"line":19,"column":50}}},"2":{"name":"(anonymous_2)","decl":{"start":{"line":21,"column":21},"end":{"line":21,"column":22}},"loc":{"start":{"line":21,"column":31},"end":{"line":21,"column":64}}},"3":{"name":"(anonymous_3)","decl":{"start":{"line":27,"column":39},"end":{"line":27,"column":40}},"loc":{"start":{"line":27,"column":50},"end":{"line":27,"column":61}}},"4":{"name":"(anonymous_4)","decl":{"start":{"line":30,"column":29},"end":{"line":30,"column":30}},"loc":{"start":{"line":30,"column":36},"end":{"line":30,"column":48}}}},"branchMap":{"0":{"loc":{"start":{"line":13,"column":2},"end":{"line":14,"column":66}},"type":"if","locations":[{"start":{"line":13,"column":2},"end":{"line":14,"column":66}},{"start":{},"end":{}}]},"1":{"loc":{"start":{"line":13,"column":6},"end":{"line":13,"column":34}},"type":"binary-expr","locations":[{"start":{"line":13,"column":6},"end":{"line":13,"column":12}},{"start":{"line":13,"column":16},"end":{"line":13,"column":34}}]},"2":{"loc":{"start":{"line":18,"column":2},"end":{"line":22,"column":3}},"type":"if","locations":[{"start":{"line":18,"column":2},"end":{"line":22,"column":3}},{"start":{"line":20,"column":9},"end":{"line":22,"column":3}}]},"3":{"loc":{"start":{"line":20,"column":9},"end":{"line":22,"column":3}},"type":"if","locations":[{"start":{"line":20,"column":9},"end":{"line":22,"column":3}},{"start":{},"end":{}}]},"4":{"loc":{"start":{"line":30,"column":9},"end":{"line":30,"column":65}},"type":"binary-expr","locations":[{"start":{"line":30,"column":9},"end":{"line":30,"column":49}},{"start":{"line":30,"column":53},"end":{"line":30,"column":65}}]},"5":{"loc":{"start":{"line":34,"column":6},"end":{"line":34,"column":37}},"type":"if","locations":[{"start":{"line":34,"column":6},"end":{"line":34,"column":37}},{"start":{},"end":{}}]},"6":{"loc":{"start":{"line":40,"column":6},"end":{"line":40,"column":37}},"type":"if","locations":[{"start":{"line":40,"column":6},"end":{"line":40,"column":37}},{"start":{},"end":{}}]}},"s":{"0":1,"1":7,"2":7,"3":1,"4":6,"5":6,"6":3,"7":101,"8":3,"9":2,"10":2,"11":6,"12":6,"13":6,"14":110,"15":6,"16":6,"17":27691,"18":707,"19":707,"20":707,"21":60199,"22":26891,"23":33308,"24":33308,"25":33308,"26":33308,"27":33308,"28":33308,"29":20,"30":707,"31":6,"32":6,"33":1},"f":{"0":7,"1":101,"2":2,"3":110,"4":27691},"b":{"0":[1,6],"1":[7,7],"2":[3,3],"3":[2,1],"4":[713,708],"5":[26891,33308],"6":[20,33288]}}
,"/Users/rto/Workspace/student-loan-app/backend/src/routes/auth.ts": {"path":"/Users/rto/Workspace/student-loan-app/backend/src/routes/auth.ts","statementMap":{"0":{"start":{"line":1,"column":0},"end":{"line":1,"column":33}},"1":{"start":{"line":2,"column":0},"end":{"line":2,"column":62}},"2":{"start":{"line":4,"column":15},"end":{"line":4,"column":23}},"3":{"start":{"line":6,"column":0},"end":{"line":6,"column":31}},"4":{"start":{"line":7,"column":0},"end":{"line":7,"column":29}},"5":{"start":{"line":9,"column":0},"end":{"line":9,"column":22}}},"fnMap":{},"branchMap":{},"s":{"0":1,"1":1,"2":1,"3":1,"4":1,"5":1},"f":{},"b":{}}
,"/Users/rto/Workspace/student-loan-app/backend/src/routes/loans.ts": {"path":"/Users/rto/Workspace/student-loan-app/backend/src/routes/loans.ts","statementMap":{"0":{"start":{"line":1,"column":0},"end":{"line":1,"column":33}},"1":{"start":{"line":2,"column":0},"end":{"line":2,"column":null}},"2":{"start":{"line":8,"column":0},"end":{"line":8,"column":50}},"3":{"start":{"line":10,"column":15},"end":{"line":10,"column":23}},"4":{"start":{"line":12,"column":0},"end":{"line":12,"column":40}},"5":{"start":{"line":13,"column":0},"end":{"line":13,"column":40}},"6":{"start":{"line":14,"column":0},"end":{"line":14,"column":45}},"7":{"start":{"line":15,"column":0},"end":{"line":15,"column":48}},"8":{"start":{"line":17,"column":0},"end":{"line":17,"column":22}}},"fnMap":{},"branchMap":{},"s":{"0":1,"1":1,"2":1,"3":1,"4":1,"5":1,"6":1,"7":1,"8":1},"f":{},"b":{}}
,"/Users/rto/Workspace/student-loan-app/backend/src/routes/payoff.ts": {"path":"/Users/rto/Workspace/student-loan-app/backend/src/routes/payoff.ts","statementMap":{"0":{"start":{"line":1,"column":0},"end":{"line":1,"column":33}},"1":{"start":{"line":2,"column":0},"end":{"line":2,"column":66}},"2":{"start":{"line":4,"column":15},"end":{"line":4,"column":23}},"3":{"start":{"line":6,"column":0},"end":{"line":6,"column":43}},"4":{"start":{"line":8,"column":0},"end":{"line":8,"column":22}}},"fnMap":{},"branchMap":{},"s":{"0":1,"1":1,"2":1,"3":1,"4":1},"f":{},"b":{}}
}
