TN:
SF:src/controllers/authController.ts
FN:9,(anonymous_1)
FN:35,(anonymous_2)
FNF:2
FNH:2
FNDA:2,(anonymous_1)
FNDA:3,(anonymous_2)
DA:2,1
DA:3,1
DA:4,1
DA:7,1
DA:9,1
DA:10,2
DA:11,2
DA:12,2
DA:14,2
DA:19,1
DA:21,1
DA:25,1
DA:27,1
DA:29,1
DA:31,0
DA:35,1
DA:36,3
DA:37,3
DA:38,3
DA:41,3
DA:42,1
DA:44,2
DA:45,2
DA:46,2
DA:48,1
DA:51,1
DA:56,0
LF:27
LH:25
BRDA:7,0,0,1
BRDA:7,0,1,1
BRDA:27,1,0,1
BRDA:27,1,1,0
BRDA:41,2,0,1
BRDA:41,2,1,2
BRDA:46,3,0,1
BRDA:46,3,1,1
BRF:8
BRH:7
end_of_record
TN:
SF:src/controllers/loansController.ts
FN:7,(anonymous_0)
FN:15,(anonymous_1)
FN:25,(anonymous_2)
FN:36,(anonymous_3)
FNF:4
FNH:4
FNDA:1,(anonymous_0)
FNDA:1,(anonymous_1)
FNDA:1,(anonymous_2)
FNDA:1,(anonymous_3)
DA:2,1
DA:7,1
DA:8,1
DA:9,1
DA:12,1
DA:15,1
DA:16,1
DA:17,1
DA:18,1
DA:22,1
DA:25,1
DA:26,1
DA:27,1
DA:28,1
DA:29,1
DA:33,1
DA:36,1
DA:37,1
DA:38,1
DA:39,1
DA:43,1
LF:21
LH:21
BRF:0
BRH:0
end_of_record
TN:
SF:src/controllers/payoffController.ts
FN:11,(anonymous_0)
FN:19,(anonymous_1)
FN:21,(anonymous_2)
FN:27,(anonymous_3)
FN:30,(anonymous_4)
FNF:5
FNH:5
FNDA:7,(anonymous_0)
FNDA:101,(anonymous_1)
FNDA:2,(anonymous_2)
FNDA:110,(anonymous_3)
FNDA:27691,(anonymous_4)
DA:11,1
DA:12,7
DA:13,7
DA:14,1
DA:16,6
DA:18,6
DA:19,101
DA:20,3
DA:21,2
DA:25,6
DA:26,6
DA:27,110
DA:28,6
DA:30,27691
DA:31,707
DA:32,707
DA:33,707
DA:34,60199
DA:35,33308
DA:36,33308
DA:37,33308
DA:38,33308
DA:39,33308
DA:40,33308
DA:42,707
DA:45,6
DA:51,6
LF:27
LH:27
BRDA:13,0,0,1
BRDA:13,0,1,6
BRDA:13,1,0,7
BRDA:13,1,1,7
BRDA:18,2,0,3
BRDA:18,2,1,3
BRDA:20,3,0,2
BRDA:20,3,1,1
BRDA:30,4,0,713
BRDA:30,4,1,708
BRDA:34,5,0,26891
BRDA:34,5,1,33308
BRDA:40,6,0,20
BRDA:40,6,1,33288
BRF:14
BRH:14
end_of_record
TN:
SF:src/routes/auth.ts
FNF:0
FNH:0
DA:1,1
DA:2,1
DA:4,1
DA:6,1
DA:7,1
DA:9,1
LF:6
LH:6
BRF:0
BRH:0
end_of_record
TN:
SF:src/routes/loans.ts
FNF:0
FNH:0
DA:1,1
DA:2,1
DA:8,1
DA:10,1
DA:12,1
DA:13,1
DA:14,1
DA:15,1
DA:17,1
LF:9
LH:9
BRF:0
BRH:0
end_of_record
TN:
SF:src/routes/payoff.ts
FNF:0
FNH:0
DA:1,1
DA:2,1
DA:4,1
DA:6,1
DA:8,1
LF:5
LH:5
BRF:0
BRH:0
end_of_record
