TN:
SF:src/controllers/authController.ts
FN:9,(anonymous_1)
FN:35,(anonymous_2)
FNF:2
FNH:2
FNDA:2,(anonymous_1)
FNDA:3,(anonymous_2)
DA:2,6
DA:3,6
DA:4,6
DA:7,6
DA:9,6
DA:10,2
DA:11,2
DA:12,2
DA:14,2
DA:19,1
DA:21,1
DA:25,1
DA:27,1
DA:29,1
DA:31,0
DA:35,6
DA:36,3
DA:37,3
DA:38,3
DA:41,3
DA:42,1
DA:44,2
DA:45,2
DA:46,2
DA:48,1
DA:51,1
DA:56,0
LF:27
LH:25
BRDA:7,0,0,6
BRDA:7,0,1,6
BRDA:27,1,0,1
BRDA:27,1,1,0
BRDA:41,2,0,1
BRDA:41,2,1,2
BRDA:46,3,0,1
BRDA:46,3,1,1
BRF:8
BRH:7
end_of_record
TN:
SF:src/controllers/loansController.ts
FN:7,(anonymous_0)
FN:20,(anonymous_1)
FN:35,(anonymous_2)
FN:51,(anonymous_3)
FNF:4
FNH:4
FNDA:1,(anonymous_0)
FNDA:1,(anonymous_1)
FNDA:1,(anonymous_2)
FNDA:1,(anonymous_3)
DA:2,6
DA:7,6
DA:8,1
DA:10,1
DA:11,0
DA:14,1
DA:17,1
DA:20,6
DA:21,1
DA:23,1
DA:24,0
DA:27,1
DA:28,1
DA:32,1
DA:35,6
DA:36,1
DA:38,1
DA:39,0
DA:42,1
DA:43,1
DA:44,1
DA:48,1
DA:51,6
DA:52,1
DA:53,1
DA:54,1
DA:58,1
LF:27
LH:24
BRDA:10,0,0,0
BRDA:10,0,1,1
BRDA:23,1,0,0
BRDA:23,1,1,1
BRDA:38,2,0,0
BRDA:38,2,1,1
BRF:6
BRH:3
end_of_record
TN:
SF:src/controllers/notificationsController.ts
FN:4,(anonymous_0)
FN:18,(anonymous_1)
FN:33,(anonymous_2)
FN:49,(anonymous_3)
FNF:4
FNH:4
FNDA:1,(anonymous_0)
FNDA:1,(anonymous_1)
FNDA:1,(anonymous_2)
FNDA:1,(anonymous_3)
DA:2,6
DA:4,6
DA:5,1
DA:7,1
DA:8,0
DA:11,1
DA:15,1
DA:18,6
DA:19,1
DA:21,1
DA:22,0
DA:25,1
DA:26,1
DA:30,1
DA:33,6
DA:34,1
DA:36,1
DA:37,0
DA:40,1
DA:41,1
DA:42,1
DA:46,1
DA:49,6
DA:50,1
DA:52,1
DA:53,0
DA:56,1
DA:57,1
DA:61,1
LF:29
LH:25
BRDA:7,0,0,0
BRDA:7,0,1,1
BRDA:21,1,0,0
BRDA:21,1,1,1
BRDA:36,2,0,0
BRDA:36,2,1,1
BRDA:52,3,0,0
BRDA:52,3,1,1
BRF:8
BRH:4
end_of_record
TN:
SF:src/controllers/paymentsController.ts
FN:4,(anonymous_0)
FN:20,(anonymous_1)
FN:40,(anonymous_2)
FNF:3
FNH:3
FNDA:1,(anonymous_0)
FNDA:2,(anonymous_1)
FNDA:1,(anonymous_2)
DA:2,6
DA:4,6
DA:5,1
DA:7,1
DA:8,0
DA:11,1
DA:13,1
DA:17,1
DA:20,6
DA:21,2
DA:23,2
DA:24,0
DA:27,2
DA:28,2
DA:30,2
DA:31,1
DA:33,1
DA:37,1
DA:40,6
DA:41,1
DA:43,1
DA:44,0
DA:47,1
DA:49,1
DA:53,1
LF:25
LH:22
BRDA:7,0,0,0
BRDA:7,0,1,1
BRDA:23,1,0,0
BRDA:23,1,1,2
BRDA:30,2,0,1
BRDA:30,2,1,1
BRDA:43,3,0,0
BRDA:43,3,1,1
BRF:8
BRH:5
end_of_record
TN:
SF:src/controllers/payoffController.ts
FN:11,(anonymous_0)
FN:19,(anonymous_1)
FN:21,(anonymous_2)
FN:27,(anonymous_3)
FN:30,(anonymous_4)
FNF:5
FNH:5
FNDA:7,(anonymous_0)
FNDA:101,(anonymous_1)
FNDA:2,(anonymous_2)
FNDA:110,(anonymous_3)
FNDA:27691,(anonymous_4)
DA:11,6
DA:12,7
DA:13,7
DA:14,1
DA:16,6
DA:18,6
DA:19,101
DA:20,3
DA:21,2
DA:25,6
DA:26,6
DA:27,110
DA:28,6
DA:30,27691
DA:31,707
DA:32,707
DA:33,707
DA:34,60199
DA:35,33308
DA:36,33308
DA:37,33308
DA:38,33308
DA:39,33308
DA:40,33308
DA:42,707
DA:45,6
DA:51,6
LF:27
LH:27
BRDA:13,0,0,1
BRDA:13,0,1,6
BRDA:13,1,0,7
BRDA:13,1,1,7
BRDA:18,2,0,3
BRDA:18,2,1,3
BRDA:20,3,0,2
BRDA:20,3,1,1
BRDA:30,4,0,713
BRDA:30,4,1,708
BRDA:34,5,0,26891
BRDA:34,5,1,33308
BRDA:40,6,0,20
BRDA:40,6,1,33288
BRF:14
BRH:14
end_of_record
TN:
SF:src/controllers/profileController.ts
FN:5,(anonymous_1)
FN:19,(anonymous_2)
FN:34,(anonymous_3)
FN:59,(anonymous_4)
FNF:4
FNH:4
FNDA:1,(anonymous_1)
FNDA:1,(anonymous_2)
FNDA:2,(anonymous_3)
FNDA:1,(anonymous_4)
DA:2,6
DA:3,6
DA:5,6
DA:6,1
DA:8,1
DA:9,0
DA:12,1
DA:16,1
DA:19,6
DA:20,1
DA:22,1
DA:23,0
DA:26,1
DA:27,1
DA:31,1
DA:34,6
DA:35,2
DA:37,2
DA:38,0
DA:41,2
DA:42,2
DA:45,2
DA:47,2
DA:48,2
DA:49,1
DA:51,1
DA:52,1
DA:56,1
DA:59,6
DA:60,1
DA:62,1
DA:63,0
DA:66,1
DA:67,1
LF:34
LH:30
BRDA:8,0,0,0
BRDA:8,0,1,1
BRDA:22,1,0,0
BRDA:22,1,1,1
BRDA:37,2,0,0
BRDA:37,2,1,2
BRDA:48,3,0,1
BRDA:48,3,1,1
BRDA:62,4,0,0
BRDA:62,4,1,1
BRF:10
BRH:6
end_of_record
TN:
SF:src/middleware/auth.ts
FN:6,(anonymous_1)
FNF:1
FNH:0
FNDA:0,(anonymous_1)
DA:2,1
DA:4,1
DA:6,1
DA:11,0
DA:12,0
DA:14,0
DA:15,0
DA:16,0
DA:17,0
DA:19,0
LF:10
LH:3
BRDA:4,0,0,1
BRDA:4,0,1,1
BRDA:12,1,0,0
BRDA:12,1,1,0
BRF:4
BRH:2
end_of_record
TN:
SF:src/routes/auth.ts
FNF:0
FNH:0
DA:1,6
DA:2,6
DA:4,6
DA:6,6
DA:7,6
DA:9,6
LF:6
LH:6
BRF:0
BRH:0
end_of_record
TN:
SF:src/routes/loans.ts
FNF:0
FNH:0
DA:1,6
DA:2,6
DA:8,6
DA:9,6
DA:11,6
DA:13,6
DA:14,6
DA:15,6
DA:16,6
DA:19,6
DA:21,6
LF:11
LH:11
BRF:0
BRH:0
end_of_record
TN:
SF:src/routes/notifications.ts
FNF:0
FNH:0
DA:1,6
DA:2,6
DA:3,6
DA:10,6
DA:11,6
DA:13,6
DA:14,6
DA:15,6
DA:16,6
DA:18,6
LF:10
LH:10
BRF:0
BRH:0
end_of_record
TN:
SF:src/routes/payments.ts
FNF:0
FNH:0
DA:1,6
DA:2,6
DA:3,6
DA:9,6
DA:12,6
DA:13,6
DA:14,6
DA:16,6
LF:8
LH:8
BRF:0
BRH:0
end_of_record
TN:
SF:src/routes/payoff.ts
FNF:0
FNH:0
DA:1,6
DA:2,6
DA:4,6
DA:6,6
DA:8,6
LF:5
LH:5
BRF:0
BRH:0
end_of_record
TN:
SF:src/routes/profile.ts
FNF:0
FNH:0
DA:1,6
DA:2,6
DA:3,6
DA:10,6
DA:12,6
DA:13,6
DA:14,6
DA:15,6
DA:17,6
LF:9
LH:9
BRF:0
BRH:0
end_of_record
TN:
SF:tests/setup.ts
FNF:0
FNH:0
DA:1,6
DA:2,6
DA:3,6
DA:4,6
DA:5,6
DA:6,6
DA:8,6
DA:9,6
DA:10,6
DA:11,6
DA:12,6
DA:13,6
DA:14,6
LF:13
LH:13
BRF:0
BRH:0
end_of_record
